^^^^^^.................<<<^^^^^^^^^^^^^^^^^^^^^^^^^^^^^^>....
^^^^>>>...................<^^^^^^^^^^^^^^^^^^^^^^^^^^^^>.....
^^^^.......................<<<<<<<<<<<<<<<<<^^^^^^^^^^^......
^^^^.......................vvvvvvvvv...vvvv.<^^^^^^^^^^...^..
^^^^^..................^.^.vvvvvvvvv...vvv...^^^^^^^^^^^^^^..
^^^^^^^................<<<<vvvvvvvvv.........^^^^^^^^^^^^^^..
^^>^^^^..<<^^^^^^^......vvvvvvvvvvvv>........<<<<<<<<<<<^^^^^
^^^^^^^....<<^^^^^......vvvvvvvv^^^^^^^.....<vvvvv..vv..^^^^^
^^^^^^^>.....^^^^^....<<vvvvvv<<<<<<<^^^^^^^^^^^vv......^^^^^
^^^^^^^.....<<<<<<<<<<vvvvvvvvvvvv^^^<<^^^^^^^^^^^......^^^^^
^^^^^^^.....vvvvvvvvvvvvvvvvv<vvv^^^^^^<<<<<<<<<^^^.....<^^^^
^^^^^^^^.....vvvvvvvvvvvvvvvvvvv<<<<<<^^^^^^^^^^<^^^.....^^^^
^^^^^^^^..^^^vvvvvvvvvvvvvvvvvvvvvv^^^<<<<<<<^^^^^^^.....^^^^
^^^^^^^^^^^^^^vvvv^>vvvvvvvvvvv<vv^^^^^^vvvv^<<^^^^^..^^^^^^^
^^^^^^^^^^^^^^^^^^^<vvvvvvvv<vvvvv<<<<<^^^^^^^^^^^^^..^^^^^^^
^^^^^^^^^^^^^^^<^^^^^vvvvvvvvvvvvvvv^^^<<<<<<^^^^^^^^^^^^^^^^
^^^^^>>>^^^^^^^^^^^^>vvvvvv<vvvvv<vv^^^^v^^^^^^^^^^^^^^^^^^^^
^^^^^^v^^^^^^^^^^^^^<vvvvvvvvv<vv>vv^^^^^^^^>^>^^^^^^^^^^^^^^
^^^>>^^^^^^^^^^^^^>>vvvvvv<vv<vvv<vv^^^^^^^^^^^^^^^^^^^^^^^^^
^^^^^^^^^^^^^^^^^^^>...vv<vv<vvv<vv^<<<<^^^>^^^^^<^^<^^^^^^^^
S^^^^^^^^>^^^^^^>>^.....<vvvvv<<vv^^E>>>>>><<^<^^^^^^^^^^^^^^
^^^^^^^^>^^^^^^^<^^.....vvv<vvvvv<<<<<vvvvv>>^^<^^<^^^^^^^^^^
^^^^^^^^^^^^^^^^^^^.....vvvvvvvvvvvvvv.vvvvvv^^^^^^^^<^^^^^^^
^^^^^^^^^^^^^^^^^^^^....vvvvvvvvvvvvv><vvvvv^^^^^^^^^^^^^^^^^
^^^^^^^^^^>>>>>>>^^^..^.vvvvvvvvv>>>>vvvv^^^^^^>^^^^^^^^^^^^^
^^>>>>>>>>^v^vvvv^^^^^^^vvvvvv>vvvvvvv>v^^>>>>>^^^>^^^^^^^^^^
^^^vvv^vvv^^^^vvv^^^^^^^^vv>vvv>>>vvvvv>>>^^^^^^^>^^^>^^^^^^^
^^^vvv^^^^^^^^^^^^^^^^^^^vvv>>vvvv>vvvvvvv^^>>>>>^^^>^^^^^^^^
^^^^vv^^^^^^^^^^^^^^^^^^^^^vvv>>vvv>v>vvv^^>^^^^^^^>^^^>>>>>>
<<<<<<<<<^^^^^^^^^^^^^^^^^^^vvvv>vvvvv>>>>>^^^^>>>>^^^>.vvvvv
vv>vvvv..<<^^^^^^^^^^^^^^^^^^^vvv>vvvvvvvv^^^>>^^^^^^>...vvvv
vvvvv......^^^^^^^^^^^^^^^^^^^^vvvvv>vvvv^^^>^^^^^^>>....vvvv
vvvvv......<<<<<<<<<<<<<<<^^^^^^vv>vv>>>>>>>^^^>>>>....^^^^^^
^^>^^>.....vvvvvvvv..vv...<^^^^^vvv>vvvvvvv^^^>vv......^^^^^^
<<<^^.....<vvvvvvvv..vv....^^^^^^vvv>vvvv^^^>>.vv>>>>..^^^^^^
vv>^^.....vvvvvvvv....v....^^^^^^.vvv>>>>>>>...vvvvvv>>>>>>>>
vvv<<<<<<<vvvvvvvv....v...<^^^^^^^^vvvvvvvv<<<<vvvvvvvvvvv..v
vvv>>>vvvvvvv..............^^^^^^^^^vvvvvv<vvvvvvvvvvvvvvv...
vvvvvvvvvvvvv..............^^^^^^^^^^^^..<vvvvvvvvvvvvvvvv...
vvvv<<vvvvvvv..............^^^^^^^^^^^^..vvvvvvvvvvvvvvv.....
vvvv>vvvvvvvv>>........<<<<<<<<<<<<<<<<<<vvvvvvvvvvvvvv......
330
321
